[04.06.2013-16:03:54]: Старт сервера
[04.06.2013-16:03:57]: Подключение баз данных
[04.06.2013-16:04:20]: Подключение клиента
   //[Info: 
Клиент |172.16.8.109|
]//
[04.06.2013-16:04:20]: Запрос авторизации
   //[Info: 
Клиент 172.16.8.109
]//
[04.06.2013-16:04:20]: Отказ в доступе
   //[Info: 
Запрос клиента 1;1
]//
[04.06.2013-16:04:35]: Запрос авторизации
   //[Info: 
Клиент 172.16.8.109
]//
[04.06.2013-16:04:35]: Клиент авторизирован
   //[Info: 
Запрос клиента vlank;123
]//
[04.06.2013-16:05:01]: Разъединение клиента
   //[Info: 
Клиент |172.16.8.109|
]//
[04.06.2013-16:06:06]: Подключение клиента
   //[Info: 
Клиент |172.16.8.103|
]//
[04.06.2013-16:06:06]: Запрос авторизации
   //[Info: 
Клиент 172.16.8.103
]//
[04.06.2013-16:06:06]: Отказ в доступе
   //[Info: 
Запрос клиента 123;123
]//
[04.06.2013-16:06:14]: Запрос авторизации
   //[Info: 
Клиент 172.16.8.103
]//
[04.06.2013-16:06:14]: Клиент авторизирован
   //[Info: 
Запрос клиента admin;123
]//
[04.06.2013-16:06:40]: Старт сервера
[04.06.2013-16:06:41]: Подключение баз данных
[04.06.2013-16:07:10]: Подключение клиента
   //[Info: 
Клиент |172.16.8.109|
]//
[04.06.2013-16:07:11]: Запрос авторизации
   //[Info: 
Клиент 172.16.8.109
]//
[04.06.2013-16:07:11]: Клиент авторизирован
   //[Info: 
Запрос клиента vlank;123
]//
[04.06.2013-16:07:21]: Старт сервера
[04.06.2013-16:07:23]: Подключение баз данных
[04.06.2013-16:07:45]: Подключение клиента
   //[Info: 
Клиент |172.16.8.103|
]//
[04.06.2013-16:07:45]: Запрос авторизации
   //[Info: 
Клиент 172.16.8.103
]//
[04.06.2013-16:07:45]: Клиент авторизирован
   //[Info: 
Запрос клиента sa;123
]//
[04.06.2013-16:08:02]: Подключение клиента
   //[Info: 
Клиент |172.16.8.109|
]//
[04.06.2013-16:08:02]: Запрос авторизации
   //[Info: 
Клиент 172.16.8.109
]//
[04.06.2013-16:08:02]: Клиент авторизирован
   //[Info: 
Запрос клиента vlank;123
]//
[04.06.2013-16:08:38]: Разъединение клиента
   //[Info: 
Клиент |172.16.8.103|
]//
[04.06.2013-16:08:52]: Подключение клиента
   //[Info: 
Клиент |172.16.8.103|
]//
[04.06.2013-16:08:53]: Запрос авторизации
   //[Info: 
Клиент 172.16.8.103
]//
[04.06.2013-16:08:53]: Клиент авторизирован
   //[Info: 
Запрос клиента admin;123
]//
[04.06.2013-16:09:35]: Разъединение клиента
   //[Info: 
Клиент |172.16.8.109|
]//
