[14.05.2013-17:03:52]: Старт сервера
[14.05.2013-17:03:54]: Подключение баз данных
[14.05.2013-17:03:59]: Подключение клиента
   //[Info: 
Клиент |172.16.8.104|
]//
[14.05.2013-17:03:59]: Запрос авторизации
   //[Info: 
Клиент 172.16.8.104
]//
[14.05.2013-17:03:59]: Клиент авторизирован
   //[Info: 
Запрос клиента 1;1
]//
[14.05.2013-17:04:07]: Обработан запрос
   //[Info: 
delete * from 2 where id=23
]//
[14.05.2013-17:04:40]: Разъединение клиента
   //[Info: 
Клиент |172.16.8.104|
]//
[14.05.2013-17:08:07]: Подключение клиента
   //[Info: 
Клиент |172.16.8.104|
]//
[14.05.2013-17:08:07]: Запрос авторизации
   //[Info: 
Клиент 172.16.8.104
]//
[14.05.2013-17:08:07]: Клиент авторизирован
   //[Info: 
Запрос клиента 3;3
]//
[14.05.2013-17:09:21]: Подключение клиента
   //[Info: 
Клиент |172.16.8.104|
]//
[14.05.2013-17:09:39]: Разъединение клиента
   //[Info: 
Клиент |172.16.8.104|
]//
[14.05.2013-17:09:42]: Подключение клиента
   //[Info: 
Клиент |172.16.8.104|
]//
[14.05.2013-17:09:42]: Запрос авторизации
   //[Info: 
Клиент 172.16.8.104
]//
[14.05.2013-17:09:42]: Клиент авторизирован
   //[Info: 
Запрос клиента 1;1
]//
[14.05.2013-17:09:52]: Разъединение клиента
   //[Info: 
Клиент |172.16.8.104|
]//
[14.05.2013-17:10:06]: Разъединение клиента
   //[Info: 
Клиент |172.16.8.104|
]//
